# JRE version: OpenJDK Runtime Environment Temurin-17.0.4.1+1 (17.0.4.1+1) (build 17.0.4.1+1)
# Java VM: OpenJDK 64-Bit Server VM Temurin-17.0.4.1+1 (17.0.4.1+1, mixed mode, tiered, compressed oops, compressed class ptrs, g1 gc, windows-amd64)
GC Precious Log:
 CPUs: 8 total, 8 available
 Memory: 3900M
 Large Page Support: Disabled
 NUMA Support: Disabled
 Compressed Oops: Enabled (32-bit)
 Heap Region Size: 1M
 Heap Min Capacity: 8M
 Heap Initial Capacity: 62M
 Heap Max Capacity: 976M
 Pre-touch: Disabled
 Parallel Workers: 8
 Concurrent Workers: 2
 Concurrent Refinement Workers: 8
 Periodic GC: Disabled
Heap:
 garbage-first heap   total 40960K, used 29150K [0x00000000c3000000, 0x0000000100000000)
  region size 1024K, 13 young (13312K), 2 survivors (2048K)
 Metaspace       used 33315K, committed 33536K, reserved 1081344K
  class space    used 3739K, committed 3840K, reserved 1048576K
GC Heap History (10 events):
Event: 4.435 GC heap before
{Heap before GC invocations=0 (full 0):
 garbage-first heap   total 63488K, used 22528K [0x00000000c3000000, 0x0000000100000000)
  region size 1024K, 23 young (23552K), 0 survivors (0K)
 Metaspace       used 15198K, committed 15360K, reserved 1064960K
  class space    used 1470K, committed 1536K, reserved 1048576K
}
Event: 4.449 GC heap after
{Heap after GC invocations=1 (full 0):
 garbage-first heap   total 63488K, used 7332K [0x00000000c3000000, 0x0000000100000000)
  region size 1024K, 3 young (3072K), 3 survivors (3072K)
 Metaspace       used 15198K, committed 15360K, reserved 1064960K
  class space    used 1470K, committed 1536K, reserved 1048576K
}
Event: 6.015 GC heap before
{Heap before GC invocations=1 (full 0):
 garbage-first heap   total 63488K, used 26788K [0x00000000c3000000, 0x0000000100000000)
  region size 1024K, 23 young (23552K), 3 survivors (3072K)
 Metaspace       used 21302K, committed 21504K, reserved 1073152K
  class space    used 2187K, committed 2304K, reserved 1048576K
}
Event: 6.023 GC heap after
{Heap after GC invocations=2 (full 0):
 garbage-first heap   total 63488K, used 9786K [0x00000000c3000000, 0x0000000100000000)
  region size 1024K, 3 young (3072K), 3 survivors (3072K)
 Metaspace       used 21302K, committed 21504K, reserved 1073152K
  class space    used 2187K, committed 2304K, reserved 1048576K
}
Event: 6.030 GC heap before
{Heap before GC invocations=2 (full 0):
 garbage-first heap   total 63488K, used 9786K [0x00000000c3000000, 0x0000000100000000)
  region size 1024K, 4 young (4096K), 3 survivors (3072K)
 Metaspace       used 21352K, committed 21504K, reserved 1073152K
  class space    used 2193K, committed 2304K, reserved 1048576K
}
Event: 6.035 GC heap after
{Heap after GC invocations=3 (full 0):
 garbage-first heap   total 63488K, used 10257K [0x00000000c3000000, 0x0000000100000000)
  region size 1024K, 1 young (1024K), 1 survivors (1024K)
 Metaspace       used 21352K, committed 21504K, reserved 1073152K
  class space    used 2193K, committed 2304K, reserved 1048576K
}
Event: 6.869 GC heap before
{Heap before GC invocations=4 (full 0):
 garbage-first heap   total 40960K, used 30737K [0x00000000c3000000, 0x0000000100000000)
  region size 1024K, 22 young (22528K), 1 survivors (1024K)
 Metaspace       used 25708K, committed 25920K, reserved 1073152K
  class space    used 2699K, committed 2816K, reserved 1048576K
}
Event: 6.874 GC heap after
{Heap after GC invocations=5 (full 0):
 garbage-first heap   total 40960K, used 12280K [0x00000000c3000000, 0x0000000100000000)
  region size 1024K, 3 young (3072K), 3 survivors (3072K)
 Metaspace       used 25708K, committed 25920K, reserved 1073152K
  class space    used 2699K, committed 2816K, reserved 1048576K
}
Event: 9.871 GC heap before
{Heap before GC invocations=5 (full 0):
 garbage-first heap   total 40960K, used 27640K [0x00000000c3000000, 0x0000000100000000)
  region size 1024K, 19 young (19456K), 3 survivors (3072K)
 Metaspace       used 30045K, committed 30272K, reserved 1081344K
  class space    used 3299K, committed 3456K, reserved 1048576K
}
Event: 9.878 GC heap after
{Heap after GC invocations=6 (full 0):
 garbage-first heap   total 40960K, used 13790K [0x00000000c3000000, 0x0000000100000000)
  region size 1024K, 2 young (2048K), 2 survivors (2048K)
 Metaspace       used 30045K, committed 30272K, reserved 1081344K
  class space    used 3299K, committed 3456K, reserved 1048576K
}

